# JRE version: OpenJDK Runtime Environment (17.0.6) (build 17.0.6+0-b2043.56-10027231)
# Java VM: OpenJDK 64-Bit Server VM (17.0.6+0-b2043.56-10027231, mixed mode, tiered, compressed oops, compressed class ptrs, g1 gc, windows-amd64)
GC Precious Log:
 CPUs: 16 total, 16 available
 Memory: 16316M
 Large Page Support: Disabled
 NUMA Support: Disabled
 Compressed Oops: Enabled (32-bit)
 Heap Region Size: 1M
 Heap Min Capacity: 8M
 Heap Initial Capacity: 256M
 Heap Max Capacity: 2G
 Pre-touch: Disabled
 Parallel Workers: 13
 Concurrent Workers: 3
 Concurrent Refinement Workers: 13
 Periodic GC: Disabled
Heap:
 garbage-first heap   total 262144K, used 80094K [0x0000000080000000, 0x0000000100000000)
  region size 1024K, 1 young (1024K), 1 survivors (1024K)
 Metaspace       used 91546K, committed 92224K, reserved 1130496K
  class space    used 12569K, committed 12928K, reserved 1048576K
GC Heap History (20 events):
Event: 7.536 GC heap after
{Heap after GC invocations=24 (full 0):
 garbage-first heap   total 106496K, used 55692K [0x0000000080000000, 0x0000000100000000)
  region size 1024K, 4 young (4096K), 4 survivors (4096K)
 Metaspace       used 72615K, committed 73216K, reserved 1114112K
  class space    used 9604K, committed 9856K, reserved 1048576K
}
Event: 7.797 GC heap before
{Heap before GC invocations=24 (full 0):
 garbage-first heap   total 106496K, used 78220K [0x0000000080000000, 0x0000000100000000)
  region size 1024K, 27 young (27648K), 4 survivors (4096K)
 Metaspace       used 74588K, committed 75200K, reserved 1114112K
  class space    used 9875K, committed 10176K, reserved 1048576K
}
Event: 7.800 GC heap after
{Heap after GC invocations=25 (full 0):
 garbage-first heap   total 128000K, used 57062K [0x0000000080000000, 0x0000000100000000)
  region size 1024K, 2 young (2048K), 2 survivors (2048K)
 Metaspace       used 74588K, committed 75200K, reserved 1114112K
  class space    used 9875K, committed 10176K, reserved 1048576K
}
Event: 8.438 GC heap before
{Heap before GC invocations=25 (full 0):
 garbage-first heap   total 128000K, used 100070K [0x0000000080000000, 0x0000000100000000)
  region size 1024K, 43 young (44032K), 2 survivors (2048K)
 Metaspace       used 79432K, committed 80064K, reserved 1122304K
  class space    used 10746K, committed 11072K, reserved 1048576K
}
Event: 8.441 GC heap after
{Heap after GC invocations=26 (full 0):
 garbage-first heap   total 128000K, used 59077K [0x0000000080000000, 0x0000000100000000)
  region size 1024K, 4 young (4096K), 4 survivors (4096K)
 Metaspace       used 79432K, committed 80064K, reserved 1122304K
  class space    used 10746K, committed 11072K, reserved 1048576K
}
Event: 9.025 GC heap before
{Heap before GC invocations=26 (full 0):
 garbage-first heap   total 128000K, used 101061K [0x0000000080000000, 0x0000000100000000)
  region size 1024K, 45 young (46080K), 4 survivors (4096K)
 Metaspace       used 84250K, committed 84800K, reserved 1122304K
  class space    used 11444K, committed 11712K, reserved 1048576K
}
Event: 9.029 GC heap after
{Heap after GC invocations=27 (full 0):
 garbage-first heap   total 128000K, used 61847K [0x0000000080000000, 0x0000000100000000)
  region size 1024K, 6 young (6144K), 6 survivors (6144K)
 Metaspace       used 84250K, committed 84800K, reserved 1122304K
  class space    used 11444K, committed 11712K, reserved 1048576K
}
Event: 9.529 GC heap before
{Heap before GC invocations=27 (full 0):
 garbage-first heap   total 128000K, used 101783K [0x0000000080000000, 0x0000000100000000)
  region size 1024K, 45 young (46080K), 6 survivors (6144K)
 Metaspace       used 88296K, committed 88960K, reserved 1130496K
  class space    used 12006K, committed 12352K, reserved 1048576K
}
Event: 9.534 GC heap after
{Heap after GC invocations=28 (full 0):
 garbage-first heap   total 128000K, used 65304K [0x0000000080000000, 0x0000000100000000)
  region size 1024K, 6 young (6144K), 6 survivors (6144K)
 Metaspace       used 88296K, committed 88960K, reserved 1130496K
  class space    used 12006K, committed 12352K, reserved 1048576K
}
Event: 9.796 GC heap before
{Heap before GC invocations=28 (full 0):
 garbage-first heap   total 128000K, used 103192K [0x0000000080000000, 0x0000000100000000)
  region size 1024K, 43 young (44032K), 6 survivors (6144K)
 Metaspace       used 88726K, committed 89344K, reserved 1130496K
  class space    used 12044K, committed 12352K, reserved 1048576K
}
Event: 9.802 GC heap after
{Heap after GC invocations=29 (full 0):
 garbage-first heap   total 128000K, used 71680K [0x0000000080000000, 0x0000000100000000)
  region size 1024K, 6 young (6144K), 6 survivors (6144K)
 Metaspace       used 88726K, committed 89344K, reserved 1130496K
  class space    used 12044K, committed 12352K, reserved 1048576K
}
Event: 10.300 GC heap before
{Heap before GC invocations=30 (full 0):
 garbage-first heap   total 130048K, used 103423K [0x0000000080000000, 0x0000000100000000)
  region size 1024K, 37 young (37888K), 6 survivors (6144K)
 Metaspace       used 90643K, committed 91264K, reserved 1130496K
  class space    used 12374K, committed 12672K, reserved 1048576K
}
Event: 10.306 GC heap after
{Heap after GC invocations=31 (full 0):
 garbage-first heap   total 130048K, used 76248K [0x0000000080000000, 0x0000000100000000)
  region size 1024K, 5 young (5120K), 5 survivors (5120K)
 Metaspace       used 90643K, committed 91264K, reserved 1130496K
  class space    used 12374K, committed 12672K, reserved 1048576K
}
Event: 10.312 GC heap before
{Heap before GC invocations=31 (full 0):
 garbage-first heap   total 130048K, used 77272K [0x0000000080000000, 0x0000000100000000)
  region size 1024K, 6 young (6144K), 5 survivors (5120K)
 Metaspace       used 90695K, committed 91392K, reserved 1130496K
  class space    used 12389K, committed 12736K, reserved 1048576K
}
Event: 10.315 GC heap after
{Heap after GC invocations=32 (full 0):
 garbage-first heap   total 130048K, used 76714K [0x0000000080000000, 0x0000000100000000)
  region size 1024K, 1 young (1024K), 1 survivors (1024K)
 Metaspace       used 90695K, committed 91392K, reserved 1130496K
  class space    used 12389K, committed 12736K, reserved 1048576K
}
Event: 10.428 GC heap before
{Heap before GC invocations=32 (full 0):
 garbage-first heap   total 130048K, used 104362K [0x0000000080000000, 0x0000000100000000)
  region size 1024K, 29 young (29696K), 1 survivors (1024K)
 Metaspace       used 91307K, committed 91968K, reserved 1130496K
  class space    used 12562K, committed 12928K, reserved 1048576K
}
Event: 10.430 GC heap after
{Heap after GC invocations=33 (full 0):
 garbage-first heap   total 130048K, used 78155K [0x0000000080000000, 0x0000000100000000)
  region size 1024K, 3 young (3072K), 3 survivors (3072K)
 Metaspace       used 91307K, committed 91968K, reserved 1130496K
  class space    used 12562K, committed 12928K, reserved 1048576K
}
Event: 10.623 GC heap before
{Heap before GC invocations=34 (full 0):
 garbage-first heap   total 155648K, used 104779K [0x0000000080000000, 0x0000000100000000)
  region size 1024K, 30 young (30720K), 3 survivors (3072K)
 Metaspace       used 91517K, committed 92224K, reserved 1130496K
  class space    used 12569K, committed 12928K, reserved 1048576K
}
Event: 10.626 GC heap after
{Heap after GC invocations=35 (full 0):
 garbage-first heap   total 155648K, used 80338K [0x0000000080000000, 0x0000000100000000)
  region size 1024K, 3 young (3072K), 3 survivors (3072K)
 Metaspace       used 91517K, committed 92224K, reserved 1130496K
  class space    used 12569K, committed 12928K, reserved 1048576K
}
Event: 10.638 GC heap before
{Heap before GC invocations=35 (full 0):
 garbage-first heap   total 155648K, used 83410K [0x0000000080000000, 0x0000000100000000)
  region size 1024K, 7 young (7168K), 3 survivors (3072K)
 Metaspace       used 91546K, committed 92224K, reserved 1130496K
  class space    used 12569K, committed 12928K, reserved 1048576K
}

