# JRE version: OpenJDK Runtime Environment (17.0.6) (build 17.0.6+0-b2043.56-10027231)
# Java VM: OpenJDK 64-Bit Server VM (17.0.6+0-b2043.56-10027231, mixed mode, tiered, compressed oops, compressed class ptrs, g1 gc, windows-amd64)
GC Precious Log:
 CPUs: 16 total, 16 available
 Memory: 16316M
 Large Page Support: Disabled
 NUMA Support: Disabled
 Compressed Oops: Enabled (32-bit)
 Heap Region Size: 1M
 Heap Min Capacity: 8M
 Heap Initial Capacity: 256M
 Heap Max Capacity: 2G
 Pre-touch: Disabled
 Parallel Workers: 13
 Concurrent Workers: 3
 Concurrent Refinement Workers: 13
 Periodic GC: Disabled
Heap:
 garbage-first heap   total 219136K, used 117973K [0x0000000080000000, 0x0000000100000000)
  region size 1024K, 3 young (3072K), 3 survivors (3072K)
 Metaspace       used 115709K, committed 116608K, reserved 1155072K
  class space    used 15286K, committed 15744K, reserved 1048576K
GC Heap History (20 events):
Event: 10.202 GC heap after
{Heap after GC invocations=38 (full 0):
 garbage-first heap   total 181248K, used 78317K [0x0000000080000000, 0x0000000100000000)
  region size 1024K, 1 young (1024K), 1 survivors (1024K)
 Metaspace       used 91340K, committed 92096K, reserved 1130496K
  class space    used 12545K, committed 12928K, reserved 1048576K
}
Event: 10.629 GC heap before
{Heap before GC invocations=38 (full 0):
 garbage-first heap   total 181248K, used 140781K [0x0000000080000000, 0x0000000100000000)
  region size 1024K, 63 young (64512K), 1 survivors (1024K)
 Metaspace       used 91954K, committed 92672K, reserved 1130496K
  class space    used 12583K, committed 12928K, reserved 1048576K
}
Event: 10.634 GC heap after
{Heap after GC invocations=39 (full 0):
 garbage-first heap   total 181248K, used 82737K [0x0000000080000000, 0x0000000100000000)
  region size 1024K, 5 young (5120K), 5 survivors (5120K)
 Metaspace       used 91954K, committed 92672K, reserved 1130496K
  class space    used 12583K, committed 12928K, reserved 1048576K
}
Event: 11.087 GC heap before
{Heap before GC invocations=39 (full 0):
 garbage-first heap   total 181248K, used 143153K [0x0000000080000000, 0x0000000100000000)
  region size 1024K, 64 young (65536K), 5 survivors (5120K)
 Metaspace       used 94499K, committed 95104K, reserved 1138688K
  class space    used 12880K, committed 13184K, reserved 1048576K
}
Event: 11.091 GC heap after
{Heap after GC invocations=40 (full 0):
 garbage-first heap   total 181248K, used 86710K [0x0000000080000000, 0x0000000100000000)
  region size 1024K, 4 young (4096K), 4 survivors (4096K)
 Metaspace       used 94499K, committed 95104K, reserved 1138688K
  class space    used 12880K, committed 13184K, reserved 1048576K
}
Event: 12.033 GC heap before
{Heap before GC invocations=40 (full 0):
 garbage-first heap   total 181248K, used 147126K [0x0000000080000000, 0x0000000100000000)
  region size 1024K, 62 young (63488K), 4 survivors (4096K)
 Metaspace       used 100502K, committed 101184K, reserved 1138688K
  class space    used 13619K, committed 13952K, reserved 1048576K
}
Event: 12.039 GC heap after
{Heap after GC invocations=41 (full 0):
 garbage-first heap   total 181248K, used 98933K [0x0000000080000000, 0x0000000100000000)
  region size 1024K, 8 young (8192K), 8 survivors (8192K)
 Metaspace       used 100502K, committed 101184K, reserved 1138688K
  class space    used 13619K, committed 13952K, reserved 1048576K
}
Event: 12.753 GC heap before
{Heap before GC invocations=41 (full 0):
 garbage-first heap   total 181248K, used 146037K [0x0000000080000000, 0x0000000100000000)
  region size 1024K, 54 young (55296K), 8 survivors (8192K)
 Metaspace       used 102808K, committed 103552K, reserved 1138688K
  class space    used 13820K, committed 14144K, reserved 1048576K
}
Event: 12.761 GC heap after
{Heap after GC invocations=42 (full 0):
 garbage-first heap   total 181248K, used 106723K [0x0000000080000000, 0x0000000100000000)
  region size 1024K, 7 young (7168K), 7 survivors (7168K)
 Metaspace       used 102808K, committed 103552K, reserved 1138688K
  class space    used 13820K, committed 14144K, reserved 1048576K
}
Event: 13.506 GC heap before
{Heap before GC invocations=42 (full 0):
 garbage-first heap   total 181248K, used 146659K [0x0000000080000000, 0x0000000100000000)
  region size 1024K, 46 young (47104K), 7 survivors (7168K)
 Metaspace       used 110230K, committed 110976K, reserved 1146880K
  class space    used 14656K, committed 14976K, reserved 1048576K
}
Event: 13.511 GC heap after
{Heap after GC invocations=43 (full 0):
 garbage-first heap   total 181248K, used 109857K [0x0000000080000000, 0x0000000100000000)
  region size 1024K, 3 young (3072K), 3 survivors (3072K)
 Metaspace       used 110230K, committed 110976K, reserved 1146880K
  class space    used 14656K, committed 14976K, reserved 1048576K
}
Event: 14.069 GC heap before
{Heap before GC invocations=43 (full 0):
 garbage-first heap   total 181248K, used 148769K [0x0000000080000000, 0x0000000100000000)
  region size 1024K, 41 young (41984K), 3 survivors (3072K)
 Metaspace       used 113392K, committed 114240K, reserved 1155072K
  class space    used 15040K, committed 15424K, reserved 1048576K
}
Event: 14.073 GC heap after
{Heap after GC invocations=44 (full 0):
 garbage-first heap   total 181248K, used 112505K [0x0000000080000000, 0x0000000100000000)
  region size 1024K, 6 young (6144K), 6 survivors (6144K)
 Metaspace       used 113392K, committed 114240K, reserved 1155072K
  class space    used 15040K, committed 15424K, reserved 1048576K
}
Event: 14.220 GC heap before
{Heap before GC invocations=44 (full 0):
 garbage-first heap   total 181248K, used 149369K [0x0000000080000000, 0x0000000100000000)
  region size 1024K, 42 young (43008K), 6 survivors (6144K)
 Metaspace       used 113460K, committed 114240K, reserved 1155072K
  class space    used 15043K, committed 15424K, reserved 1048576K
}
Event: 14.223 GC heap after
{Heap after GC invocations=45 (full 0):
 garbage-first heap   total 181248K, used 112964K [0x0000000080000000, 0x0000000100000000)
  region size 1024K, 4 young (4096K), 4 survivors (4096K)
 Metaspace       used 113460K, committed 114240K, reserved 1155072K
  class space    used 15043K, committed 15424K, reserved 1048576K
}
Event: 14.423 GC heap before
{Heap before GC invocations=45 (full 0):
 garbage-first heap   total 181248K, used 151876K [0x0000000080000000, 0x0000000100000000)
  region size 1024K, 42 young (43008K), 4 survivors (4096K)
 Metaspace       used 113892K, committed 114688K, reserved 1155072K
  class space    used 15095K, committed 15488K, reserved 1048576K
}
Event: 14.428 GC heap after
{Heap after GC invocations=46 (full 0):
 garbage-first heap   total 181248K, used 115966K [0x0000000080000000, 0x0000000100000000)
  region size 1024K, 4 young (4096K), 4 survivors (4096K)
 Metaspace       used 113892K, committed 114688K, reserved 1155072K
  class space    used 15095K, committed 15488K, reserved 1048576K
}
Event: 14.597 GC heap before
{Heap before GC invocations=46 (full 0):
 garbage-first heap   total 181248K, used 151806K [0x0000000080000000, 0x0000000100000000)
  region size 1024K, 39 young (39936K), 4 survivors (4096K)
 Metaspace       used 114080K, committed 114944K, reserved 1155072K
  class space    used 15095K, committed 15488K, reserved 1048576K
}
Event: 14.601 GC heap after
{Heap after GC invocations=47 (full 0):
 garbage-first heap   total 181248K, used 116274K [0x0000000080000000, 0x0000000100000000)
  region size 1024K, 2 young (2048K), 2 survivors (2048K)
 Metaspace       used 114080K, committed 114944K, reserved 1155072K
  class space    used 15095K, committed 15488K, reserved 1048576K
}
Event: 15.239 GC heap before
{Heap before GC invocations=47 (full 0):
 garbage-first heap   total 181248K, used 153138K [0x0000000080000000, 0x0000000100000000)
  region size 1024K, 38 young (38912K), 2 survivors (2048K)
 Metaspace       used 115709K, committed 116608K, reserved 1155072K
  class space    used 15286K, committed 15744K, reserved 1048576K
}

