# JRE version: OpenJDK Runtime Environment (17.0.6) (build 17.0.6+0-b2043.56-10027231)
# Java VM: OpenJDK 64-Bit Server VM (17.0.6+0-b2043.56-10027231, mixed mode, tiered, compressed oops, compressed class ptrs, g1 gc, windows-amd64)
GC Precious Log:
 CPUs: 16 total, 16 available
 Memory: 16316M
 Large Page Support: Disabled
 NUMA Support: Disabled
 Compressed Oops: Enabled (32-bit)
 Heap Region Size: 1M
 Heap Min Capacity: 8M
 Heap Initial Capacity: 256M
 Heap Max Capacity: 2G
 Pre-touch: Disabled
 Parallel Workers: 13
 Concurrent Workers: 3
 Concurrent Refinement Workers: 13
 Periodic GC: Disabled
Heap:
 garbage-first heap   total 240640K, used 122026K [0x0000000080000000, 0x0000000100000000)
  region size 1024K, 18 young (18432K), 6 survivors (6144K)
 Metaspace       used 112307K, committed 113088K, reserved 1146880K
  class space    used 14913K, committed 15296K, reserved 1048576K
GC Heap History (20 events):
Event: 9.056 GC heap before
{Heap before GC invocations=29 (full 0):
 garbage-first heap   total 126976K, used 101742K [0x0000000080000000, 0x0000000100000000)
  region size 1024K, 43 young (44032K), 6 survivors (6144K)
 Metaspace       used 88682K, committed 89344K, reserved 1130496K
  class space    used 12038K, committed 12352K, reserved 1048576K
}
Event: 9.062 GC heap after
{Heap after GC invocations=30 (full 0):
 garbage-first heap   total 126976K, used 70110K [0x0000000080000000, 0x0000000100000000)
  region size 1024K, 6 young (6144K), 6 survivors (6144K)
 Metaspace       used 88682K, committed 89344K, reserved 1130496K
  class space    used 12038K, committed 12352K, reserved 1048576K
}
Event: 9.589 GC heap before
{Heap before GC invocations=31 (full 0):
 garbage-first heap   total 126976K, used 100830K [0x0000000080000000, 0x0000000100000000)
  region size 1024K, 37 young (37888K), 6 survivors (6144K)
 Metaspace       used 90356K, committed 91008K, reserved 1130496K
  class space    used 12306K, committed 12608K, reserved 1048576K
}
Event: 9.595 GC heap after
{Heap after GC invocations=32 (full 0):
 garbage-first heap   total 126976K, used 74621K [0x0000000080000000, 0x0000000100000000)
  region size 1024K, 5 young (5120K), 5 survivors (5120K)
 Metaspace       used 90356K, committed 91008K, reserved 1130496K
  class space    used 12306K, committed 12608K, reserved 1048576K
}
Event: 9.741 GC heap before
{Heap before GC invocations=32 (full 0):
 garbage-first heap   total 126976K, used 101245K [0x0000000080000000, 0x0000000100000000)
  region size 1024K, 32 young (32768K), 5 survivors (5120K)
 Metaspace       used 91300K, committed 91968K, reserved 1130496K
  class space    used 12561K, committed 12864K, reserved 1048576K
}
Event: 9.746 GC heap after
{Heap after GC invocations=33 (full 0):
 garbage-first heap   total 126976K, used 77176K [0x0000000080000000, 0x0000000100000000)
  region size 1024K, 3 young (3072K), 3 survivors (3072K)
 Metaspace       used 91300K, committed 91968K, reserved 1130496K
  class space    used 12561K, committed 12864K, reserved 1048576K
}
Event: 9.916 GC heap before
{Heap before GC invocations=34 (full 0):
 garbage-first heap   total 155648K, used 102776K [0x0000000080000000, 0x0000000100000000)
  region size 1024K, 29 young (29696K), 3 survivors (3072K)
 Metaspace       used 91468K, committed 92160K, reserved 1130496K
  class space    used 12564K, committed 12864K, reserved 1048576K
}
Event: 9.919 GC heap after
{Heap after GC invocations=35 (full 0):
 garbage-first heap   total 155648K, used 78689K [0x0000000080000000, 0x0000000100000000)
  region size 1024K, 2 young (2048K), 2 survivors (2048K)
 Metaspace       used 91468K, committed 92160K, reserved 1130496K
  class space    used 12564K, committed 12864K, reserved 1048576K
}
Event: 9.951 GC heap before
{Heap before GC invocations=35 (full 0):
 garbage-first heap   total 155648K, used 82785K [0x0000000080000000, 0x0000000100000000)
  region size 1024K, 7 young (7168K), 2 survivors (2048K)
 Metaspace       used 91472K, committed 92160K, reserved 1130496K
  class space    used 12565K, committed 12864K, reserved 1048576K
}
Event: 9.955 GC heap after
{Heap after GC invocations=36 (full 0):
 garbage-first heap   total 155648K, used 79114K [0x0000000080000000, 0x0000000100000000)
  region size 1024K, 1 young (1024K), 1 survivors (1024K)
 Metaspace       used 91472K, committed 92160K, reserved 1130496K
  class space    used 12565K, committed 12864K, reserved 1048576K
}
Event: 10.247 GC heap before
{Heap before GC invocations=36 (full 0):
 garbage-first heap   total 155648K, used 124170K [0x0000000080000000, 0x0000000100000000)
  region size 1024K, 46 young (47104K), 1 survivors (1024K)
 Metaspace       used 91970K, committed 92672K, reserved 1130496K
  class space    used 12600K, committed 12928K, reserved 1048576K
}
Event: 10.251 GC heap after
{Heap after GC invocations=37 (full 0):
 garbage-first heap   total 155648K, used 82135K [0x0000000080000000, 0x0000000100000000)
  region size 1024K, 4 young (4096K), 4 survivors (4096K)
 Metaspace       used 91970K, committed 92672K, reserved 1130496K
  class space    used 12600K, committed 12928K, reserved 1048576K
}
Event: 10.535 GC heap before
{Heap before GC invocations=38 (full 0):
 garbage-first heap   total 167936K, used 126167K [0x0000000080000000, 0x0000000100000000)
  region size 1024K, 48 young (49152K), 4 survivors (4096K)
 Metaspace       used 92260K, committed 92928K, reserved 1130496K
  class space    used 12633K, committed 12928K, reserved 1048576K
}
Event: 10.539 GC heap after
{Heap after GC invocations=39 (full 0):
 garbage-first heap   total 167936K, used 85312K [0x0000000080000000, 0x0000000100000000)
  region size 1024K, 4 young (4096K), 4 survivors (4096K)
 Metaspace       used 92260K, committed 92928K, reserved 1130496K
  class space    used 12633K, committed 12928K, reserved 1048576K
}
Event: 10.549 GC heap before
{Heap before GC invocations=39 (full 0):
 garbage-first heap   total 167936K, used 88384K [0x0000000080000000, 0x0000000100000000)
  region size 1024K, 8 young (8192K), 4 survivors (4096K)
 Metaspace       used 92260K, committed 92928K, reserved 1130496K
  class space    used 12633K, committed 12928K, reserved 1048576K
}
Event: 10.553 GC heap after
{Heap after GC invocations=40 (full 0):
 garbage-first heap   total 240640K, used 85489K [0x0000000080000000, 0x0000000100000000)
  region size 1024K, 1 young (1024K), 1 survivors (1024K)
 Metaspace       used 92260K, committed 92928K, reserved 1130496K
  class space    used 12633K, committed 12928K, reserved 1048576K
}
Event: 12.167 GC heap before
{Heap before GC invocations=40 (full 0):
 garbage-first heap   total 240640K, used 196081K [0x0000000080000000, 0x0000000100000000)
  region size 1024K, 107 young (109568K), 1 survivors (1024K)
 Metaspace       used 101263K, committed 101952K, reserved 1138688K
  class space    used 13690K, committed 14016K, reserved 1048576K
}
Event: 12.179 GC heap after
{Heap after GC invocations=41 (full 0):
 garbage-first heap   total 240640K, used 105042K [0x0000000080000000, 0x0000000100000000)
  region size 1024K, 14 young (14336K), 14 survivors (14336K)
 Metaspace       used 101263K, committed 101952K, reserved 1138688K
  class space    used 13690K, committed 14016K, reserved 1048576K
}
Event: 13.380 GC heap before
{Heap before GC invocations=41 (full 0):
 garbage-first heap   total 240640K, used 179794K [0x0000000080000000, 0x0000000100000000)
  region size 1024K, 86 young (88064K), 14 survivors (14336K)
 Metaspace       used 112169K, committed 112960K, reserved 1146880K
  class space    used 14909K, committed 15296K, reserved 1048576K
}
Event: 13.390 GC heap after
{Heap after GC invocations=42 (full 0):
 garbage-first heap   total 240640K, used 110762K [0x0000000080000000, 0x0000000100000000)
  region size 1024K, 6 young (6144K), 6 survivors (6144K)
 Metaspace       used 112169K, committed 112960K, reserved 1146880K
  class space    used 14909K, committed 15296K, reserved 1048576K
}

