# JRE version: OpenJDK Runtime Environment (17.0.6) (build 17.0.6+0-b2043.56-10027231)
# Java VM: OpenJDK 64-Bit Server VM (17.0.6+0-b2043.56-10027231, mixed mode, tiered, compressed oops, compressed class ptrs, g1 gc, windows-amd64)
GC Precious Log:
 CPUs: 16 total, 16 available
 Memory: 16316M
 Large Page Support: Disabled
 NUMA Support: Disabled
 Compressed Oops: Enabled (32-bit)
 Heap Region Size: 1M
 Heap Min Capacity: 8M
 Heap Initial Capacity: 256M
 Heap Max Capacity: 2G
 Pre-touch: Disabled
 Parallel Workers: 13
 Concurrent Workers: 3
 Concurrent Refinement Workers: 13
 Periodic GC: Disabled
Heap:
 garbage-first heap   total 284672K, used 231271K [0x0000000080000000, 0x0000000100000000)
  region size 1024K, 3 young (3072K), 3 survivors (3072K)
 Metaspace       used 177044K, committed 177792K, reserved 1204224K
  class space    used 23326K, committed 23680K, reserved 1048576K
GC Heap History (20 events):
Event: 18.061 GC heap after
{Heap after GC invocations=41 (full 0):
 garbage-first heap   total 284672K, used 130863K [0x0000000080000000, 0x0000000100000000)
  region size 1024K, 15 young (15360K), 15 survivors (15360K)
 Metaspace       used 151340K, committed 152192K, reserved 1187840K
  class space    used 19874K, committed 20288K, reserved 1048576K
}
Event: 18.808 GC heap before
{Heap before GC invocations=41 (full 0):
 garbage-first heap   total 284672K, used 206639K [0x0000000080000000, 0x0000000100000000)
  region size 1024K, 88 young (90112K), 15 survivors (15360K)
 Metaspace       used 154763K, committed 155520K, reserved 1187840K
  class space    used 20283K, committed 20672K, reserved 1048576K
}
Event: 18.818 GC heap after
{Heap after GC invocations=42 (full 0):
 garbage-first heap   total 284672K, used 143588K [0x0000000080000000, 0x0000000100000000)
  region size 1024K, 12 young (12288K), 12 survivors (12288K)
 Metaspace       used 154763K, committed 155520K, reserved 1187840K
  class space    used 20283K, committed 20672K, reserved 1048576K
}
Event: 20.138 GC heap before
{Heap before GC invocations=43 (full 0):
 garbage-first heap   total 284672K, used 239844K [0x0000000080000000, 0x0000000100000000)
  region size 1024K, 92 young (94208K), 12 survivors (12288K)
 Metaspace       used 159771K, committed 160512K, reserved 1196032K
  class space    used 20820K, committed 21184K, reserved 1048576K
}
Event: 20.143 GC heap after
{Heap after GC invocations=44 (full 0):
 garbage-first heap   total 284672K, used 137585K [0x0000000080000000, 0x0000000100000000)
  region size 1024K, 4 young (4096K), 4 survivors (4096K)
 Metaspace       used 159771K, committed 160512K, reserved 1196032K
  class space    used 20820K, committed 21184K, reserved 1048576K
}
Event: 20.257 GC heap before
{Heap before GC invocations=44 (full 0):
 garbage-first heap   total 284672K, used 145777K [0x0000000080000000, 0x0000000100000000)
  region size 1024K, 13 young (13312K), 4 survivors (4096K)
 Metaspace       used 160146K, committed 160960K, reserved 1196032K
  class space    used 20872K, committed 21248K, reserved 1048576K
}
Event: 20.261 GC heap after
{Heap after GC invocations=45 (full 0):
 garbage-first heap   total 284672K, used 130357K [0x0000000080000000, 0x0000000100000000)
  region size 1024K, 2 young (2048K), 2 survivors (2048K)
 Metaspace       used 160146K, committed 160960K, reserved 1196032K
  class space    used 20872K, committed 21248K, reserved 1048576K
}
Event: 21.125 GC heap before
{Heap before GC invocations=45 (full 0):
 garbage-first heap   total 284672K, used 227637K [0x0000000080000000, 0x0000000100000000)
  region size 1024K, 98 young (100352K), 2 survivors (2048K)
 Metaspace       used 163183K, committed 164032K, reserved 1196032K
  class space    used 21255K, committed 21632K, reserved 1048576K
}
Event: 21.130 GC heap after
{Heap after GC invocations=46 (full 0):
 garbage-first heap   total 284672K, used 136352K [0x0000000080000000, 0x0000000100000000)
  region size 1024K, 8 young (8192K), 8 survivors (8192K)
 Metaspace       used 163183K, committed 164032K, reserved 1196032K
  class space    used 21255K, committed 21632K, reserved 1048576K
}
Event: 22.591 GC heap before
{Heap before GC invocations=47 (full 0):
 garbage-first heap   total 284672K, used 263328K [0x0000000080000000, 0x0000000100000000)
  region size 1024K, 95 young (97280K), 8 survivors (8192K)
 Metaspace       used 175890K, committed 176704K, reserved 1204224K
  class space    used 23150K, committed 23552K, reserved 1048576K
}
Event: 22.599 GC heap after
{Heap after GC invocations=48 (full 0):
 garbage-first heap   total 284672K, used 169574K [0x0000000080000000, 0x0000000100000000)
  region size 1024K, 13 young (13312K), 13 survivors (13312K)
 Metaspace       used 175890K, committed 176704K, reserved 1204224K
  class space    used 23150K, committed 23552K, reserved 1048576K
}
Event: 22.605 GC heap before
{Heap before GC invocations=48 (full 0):
 garbage-first heap   total 284672K, used 169574K [0x0000000080000000, 0x0000000100000000)
  region size 1024K, 14 young (14336K), 13 survivors (13312K)
 Metaspace       used 175890K, committed 176704K, reserved 1204224K
  class space    used 23150K, committed 23552K, reserved 1048576K
}
Event: 22.612 GC heap after
{Heap after GC invocations=49 (full 0):
 garbage-first heap   total 284672K, used 168077K [0x0000000080000000, 0x0000000100000000)
  region size 1024K, 2 young (2048K), 2 survivors (2048K)
 Metaspace       used 175890K, committed 176704K, reserved 1204224K
  class space    used 23150K, committed 23552K, reserved 1048576K
}
Event: 23.128 GC heap before
{Heap before GC invocations=49 (full 0):
 garbage-first heap   total 284672K, used 232589K [0x0000000080000000, 0x0000000100000000)
  region size 1024K, 64 young (65536K), 2 survivors (2048K)
 Metaspace       used 176826K, committed 177600K, reserved 1204224K
  class space    used 23321K, committed 23680K, reserved 1048576K
}
Event: 23.146 GC heap after
{Heap after GC invocations=50 (full 0):
 garbage-first heap   total 284672K, used 192082K [0x0000000080000000, 0x0000000100000000)
  region size 1024K, 8 young (8192K), 8 survivors (8192K)
 Metaspace       used 176826K, committed 177600K, reserved 1204224K
  class space    used 23321K, committed 23680K, reserved 1048576K
}
Event: 23.242 GC heap before
{Heap before GC invocations=50 (full 0):
 garbage-first heap   total 284672K, used 228946K [0x0000000080000000, 0x0000000100000000)
  region size 1024K, 45 young (46080K), 8 survivors (8192K)
 Metaspace       used 176992K, committed 177728K, reserved 1204224K
  class space    used 23322K, committed 23680K, reserved 1048576K
}
Event: 23.260 GC heap after
{Heap after GC invocations=51 (full 0):
 garbage-first heap   total 284672K, used 209260K [0x0000000080000000, 0x0000000100000000)
  region size 1024K, 6 young (6144K), 6 survivors (6144K)
 Metaspace       used 176992K, committed 177728K, reserved 1204224K
  class space    used 23322K, committed 23680K, reserved 1048576K
}
Event: 23.311 GC heap before
{Heap before GC invocations=51 (full 0):
 garbage-first heap   total 284672K, used 231788K [0x0000000080000000, 0x0000000100000000)
  region size 1024K, 29 young (29696K), 6 survivors (6144K)
 Metaspace       used 177026K, committed 177792K, reserved 1204224K
  class space    used 23323K, committed 23680K, reserved 1048576K
}
Event: 23.322 GC heap after
{Heap after GC invocations=52 (full 0):
 garbage-first heap   total 284672K, used 222174K [0x0000000080000000, 0x0000000100000000)
  region size 1024K, 4 young (4096K), 4 survivors (4096K)
 Metaspace       used 177026K, committed 177792K, reserved 1204224K
  class space    used 23323K, committed 23680K, reserved 1048576K
}
Event: 23.350 GC heap before
{Heap before GC invocations=52 (full 0):
 garbage-first heap   total 284672K, used 237534K [0x0000000080000000, 0x0000000100000000)
  region size 1024K, 20 young (20480K), 4 survivors (4096K)
 Metaspace       used 177044K, committed 177792K, reserved 1204224K
  class space    used 23326K, committed 23680K, reserved 1048576K
}

