# JRE version: OpenJDK Runtime Environment (17.0.6) (build 17.0.6+0-b2043.56-10027231)
# Java VM: OpenJDK 64-Bit Server VM (17.0.6+0-b2043.56-10027231, mixed mode, tiered, compressed oops, compressed class ptrs, g1 gc, windows-amd64)
GC Precious Log:
 CPUs: 16 total, 16 available
 Memory: 16316M
 Large Page Support: Disabled
 NUMA Support: Disabled
 Compressed Oops: Enabled (32-bit)
 Heap Region Size: 1M
 Heap Min Capacity: 8M
 Heap Initial Capacity: 256M
 Heap Max Capacity: 2G
 Pre-touch: Disabled
 Parallel Workers: 13
 Concurrent Workers: 3
 Concurrent Refinement Workers: 13
 Periodic GC: Disabled
Heap:
 garbage-first heap   total 261120K, used 183123K [0x0000000080000000, 0x0000000100000000)
  region size 1024K, 46 young (47104K), 7 survivors (7168K)
 Metaspace       used 114096K, committed 114880K, reserved 1155072K
  class space    used 15017K, committed 15424K, reserved 1048576K
GC Heap History (20 events):
Event: 12.146 GC heap before
{Heap before GC invocations=41 (full 0):
 garbage-first heap   total 174080K, used 115991K [0x0000000080000000, 0x0000000100000000)
  region size 1024K, 21 young (21504K), 5 survivors (5120K)
 Metaspace       used 95219K, committed 95872K, reserved 1138688K
  class space    used 12940K, committed 13248K, reserved 1048576K
}
Event: 12.151 GC heap after
{Heap after GC invocations=42 (full 0):
 garbage-first heap   total 174080K, used 105192K [0x0000000080000000, 0x0000000100000000)
  region size 1024K, 3 young (3072K), 3 survivors (3072K)
 Metaspace       used 95219K, committed 95872K, reserved 1138688K
  class space    used 12940K, committed 13248K, reserved 1048576K
}
Event: 12.265 GC heap before
{Heap before GC invocations=42 (full 0):
 garbage-first heap   total 174080K, used 110312K [0x0000000080000000, 0x0000000100000000)
  region size 1024K, 8 young (8192K), 3 survivors (3072K)
 Metaspace       used 95375K, committed 96000K, reserved 1138688K
  class space    used 12952K, committed 13248K, reserved 1048576K
}
Event: 12.269 GC heap after
{Heap after GC invocations=43 (full 0):
 garbage-first heap   total 208896K, used 107520K [0x0000000080000000, 0x0000000100000000)
  region size 1024K, 1 young (1024K), 1 survivors (1024K)
 Metaspace       used 95375K, committed 96000K, reserved 1138688K
  class space    used 12952K, committed 13248K, reserved 1048576K
}
Event: 13.099 GC heap before
{Heap before GC invocations=43 (full 0):
 garbage-first heap   total 208896K, used 177152K [0x0000000080000000, 0x0000000100000000)
  region size 1024K, 44 young (45056K), 1 survivors (1024K)
 Metaspace       used 96031K, committed 96704K, reserved 1138688K
  class space    used 13010K, committed 13312K, reserved 1048576K
}
Event: 13.104 GC heap after
{Heap after GC invocations=44 (full 0):
 garbage-first heap   total 208896K, used 111638K [0x0000000080000000, 0x0000000100000000)
  region size 1024K, 6 young (6144K), 6 survivors (6144K)
 Metaspace       used 96031K, committed 96704K, reserved 1138688K
  class space    used 13010K, committed 13312K, reserved 1048576K
}
Event: 13.330 GC heap before
{Heap before GC invocations=44 (full 0):
 garbage-first heap   total 208896K, used 154646K [0x0000000080000000, 0x0000000100000000)
  region size 1024K, 49 young (50176K), 6 survivors (6144K)
 Metaspace       used 98062K, committed 98688K, reserved 1138688K
  class space    used 13208K, committed 13504K, reserved 1048576K
}
Event: 13.338 GC heap after
{Heap after GC invocations=45 (full 0):
 garbage-first heap   total 208896K, used 118727K [0x0000000080000000, 0x0000000100000000)
  region size 1024K, 7 young (7168K), 7 survivors (7168K)
 Metaspace       used 98062K, committed 98688K, reserved 1138688K
  class space    used 13208K, committed 13504K, reserved 1048576K
}
Event: 13.605 GC heap before
{Heap before GC invocations=45 (full 0):
 garbage-first heap   total 208896K, used 159687K [0x0000000080000000, 0x0000000100000000)
  region size 1024K, 48 young (49152K), 7 survivors (7168K)
 Metaspace       used 100191K, committed 100864K, reserved 1138688K
  class space    used 13416K, committed 13760K, reserved 1048576K
}
Event: 13.614 GC heap after
{Heap after GC invocations=46 (full 0):
 garbage-first heap   total 208896K, used 123570K [0x0000000080000000, 0x0000000100000000)
  region size 1024K, 6 young (6144K), 6 survivors (6144K)
 Metaspace       used 100191K, committed 100864K, reserved 1138688K
  class space    used 13416K, committed 13760K, reserved 1048576K
}
Event: 13.712 GC heap before
{Heap before GC invocations=46 (full 0):
 garbage-first heap   total 208896K, used 162482K [0x0000000080000000, 0x0000000100000000)
  region size 1024K, 45 young (46080K), 6 survivors (6144K)
 Metaspace       used 100447K, committed 101184K, reserved 1138688K
  class space    used 13427K, committed 13760K, reserved 1048576K
}
Event: 13.717 GC heap after
{Heap after GC invocations=47 (full 0):
 garbage-first heap   total 208896K, used 124345K [0x0000000080000000, 0x0000000100000000)
  region size 1024K, 3 young (3072K), 3 survivors (3072K)
 Metaspace       used 100447K, committed 101184K, reserved 1138688K
  class space    used 13427K, committed 13760K, reserved 1048576K
}
Event: 13.904 GC heap before
{Heap before GC invocations=47 (full 0):
 garbage-first heap   total 208896K, used 165305K [0x0000000080000000, 0x0000000100000000)
  region size 1024K, 44 young (45056K), 3 survivors (3072K)
 Metaspace       used 101872K, committed 102592K, reserved 1138688K
  class space    used 13552K, committed 13888K, reserved 1048576K
}
Event: 13.908 GC heap after
{Heap after GC invocations=48 (full 0):
 garbage-first heap   total 261120K, used 128292K [0x0000000080000000, 0x0000000100000000)
  region size 1024K, 6 young (6144K), 6 survivors (6144K)
 Metaspace       used 101872K, committed 102592K, reserved 1138688K
  class space    used 13552K, committed 13888K, reserved 1048576K
}
Event: 14.717 GC heap before
{Heap before GC invocations=48 (full 0):
 garbage-first heap   total 261120K, used 204068K [0x0000000080000000, 0x0000000100000000)
  region size 1024K, 81 young (82944K), 6 survivors (6144K)
 Metaspace       used 104184K, committed 104896K, reserved 1146880K
  class space    used 13790K, committed 14144K, reserved 1048576K
}
Event: 14.723 GC heap after
{Heap after GC invocations=49 (full 0):
 garbage-first heap   total 261120K, used 129075K [0x0000000080000000, 0x0000000100000000)
  region size 1024K, 6 young (6144K), 6 survivors (6144K)
 Metaspace       used 104184K, committed 104896K, reserved 1146880K
  class space    used 13790K, committed 14144K, reserved 1048576K
}
Event: 17.081 GC heap before
{Heap before GC invocations=49 (full 0):
 garbage-first heap   total 261120K, used 213043K [0x0000000080000000, 0x0000000100000000)
  region size 1024K, 89 young (91136K), 6 survivors (6144K)
 Metaspace       used 105343K, committed 106048K, reserved 1146880K
  class space    used 13915K, committed 14208K, reserved 1048576K
}
Event: 17.090 GC heap after
{Heap after GC invocations=50 (full 0):
 garbage-first heap   total 261120K, used 137331K [0x0000000080000000, 0x0000000100000000)
  region size 1024K, 12 young (12288K), 12 survivors (12288K)
 Metaspace       used 105343K, committed 106048K, reserved 1146880K
  class space    used 13915K, committed 14208K, reserved 1048576K
}
Event: 18.203 GC heap before
{Heap before GC invocations=50 (full 0):
 garbage-first heap   total 261120K, used 211059K [0x0000000080000000, 0x0000000100000000)
  region size 1024K, 85 young (87040K), 12 survivors (12288K)
 Metaspace       used 108695K, committed 109504K, reserved 1146880K
  class space    used 14357K, committed 14784K, reserved 1048576K
}
Event: 18.212 GC heap after
{Heap after GC invocations=51 (full 0):
 garbage-first heap   total 261120K, used 143187K [0x0000000080000000, 0x0000000100000000)
  region size 1024K, 7 young (7168K), 7 survivors (7168K)
 Metaspace       used 108695K, committed 109504K, reserved 1146880K
  class space    used 14357K, committed 14784K, reserved 1048576K
}

