# JRE version: OpenJDK Runtime Environment (17.0.6) (build 17.0.6+0-b2043.56-10027231)
# Java VM: OpenJDK 64-Bit Server VM (17.0.6+0-b2043.56-10027231, mixed mode, tiered, compressed oops, compressed class ptrs, g1 gc, windows-amd64)
GC Precious Log:
 CPUs: 16 total, 16 available
 Memory: 16316M
 Large Page Support: Disabled
 NUMA Support: Disabled
 Compressed Oops: Enabled (32-bit)
 Heap Region Size: 1M
 Heap Min Capacity: 8M
 Heap Initial Capacity: 256M
 Heap Max Capacity: 2G
 Pre-touch: Disabled
 Parallel Workers: 13
 Concurrent Workers: 3
 Concurrent Refinement Workers: 13
 Periodic GC: Disabled
Heap:
 garbage-first heap   total 296960K, used 254657K [0x0000000080000000, 0x0000000100000000)
  region size 1024K, 11 young (11264K), 1 survivors (1024K)
 Metaspace       used 148771K, committed 150656K, reserved 1179648K
  class space    used 20095K, committed 20800K, reserved 1048576K
GC Heap History (20 events):
Event: 4821.159 GC heap before
{Heap before GC invocations=58 (full 0):
 garbage-first heap   total 296960K, used 246855K [0x0000000080000000, 0x0000000100000000)
  region size 1024K, 47 young (48128K), 4 survivors (4096K)
 Metaspace       used 143096K, committed 144128K, reserved 1179648K
  class space    used 19431K, committed 19904K, reserved 1048576K
}
Event: 4821.166 GC heap after
{Heap after GC invocations=59 (full 0):
 garbage-first heap   total 296960K, used 207896K [0x0000000080000000, 0x0000000100000000)
  region size 1024K, 5 young (5120K), 5 survivors (5120K)
 Metaspace       used 143096K, committed 144128K, reserved 1179648K
  class space    used 19431K, committed 19904K, reserved 1048576K
}
Event: 4821.667 GC heap before
{Heap before GC invocations=59 (full 0):
 garbage-first heap   total 296960K, used 248856K [0x0000000080000000, 0x0000000100000000)
  region size 1024K, 46 young (47104K), 5 survivors (5120K)
 Metaspace       used 144776K, committed 145920K, reserved 1179648K
  class space    used 19646K, committed 20160K, reserved 1048576K
}
Event: 4821.672 GC heap after
{Heap after GC invocations=60 (full 0):
 garbage-first heap   total 296960K, used 211098K [0x0000000080000000, 0x0000000100000000)
  region size 1024K, 4 young (4096K), 4 survivors (4096K)
 Metaspace       used 144776K, committed 145920K, reserved 1179648K
  class space    used 19646K, committed 20160K, reserved 1048576K
}
Event: 5932.453 GC heap before
{Heap before GC invocations=60 (full 0):
 garbage-first heap   total 296960K, used 251034K [0x0000000080000000, 0x0000000100000000)
  region size 1024K, 44 young (45056K), 4 survivors (4096K)
 Metaspace       used 146369K, committed 147520K, reserved 1179648K
  class space    used 19868K, committed 20416K, reserved 1048576K
}
Event: 5932.455 GC heap after
{Heap after GC invocations=61 (full 0):
 garbage-first heap   total 296960K, used 212285K [0x0000000080000000, 0x0000000100000000)
  region size 1024K, 5 young (5120K), 5 survivors (5120K)
 Metaspace       used 146369K, committed 147520K, reserved 1179648K
  class space    used 19868K, committed 20416K, reserved 1048576K
}
Event: 8291.727 GC heap before
{Heap before GC invocations=61 (full 0):
 garbage-first heap   total 296960K, used 254269K [0x0000000080000000, 0x0000000100000000)
  region size 1024K, 46 young (47104K), 5 survivors (5120K)
 Metaspace       used 146369K, committed 147520K, reserved 1179648K
  class space    used 19868K, committed 20416K, reserved 1048576K
}
Event: 8291.730 GC heap after
{Heap after GC invocations=62 (full 0):
 garbage-first heap   total 296960K, used 212328K [0x0000000080000000, 0x0000000100000000)
  region size 1024K, 2 young (2048K), 2 survivors (2048K)
 Metaspace       used 146369K, committed 147520K, reserved 1179648K
  class space    used 19868K, committed 20416K, reserved 1048576K
}
Event: 10251.579 GC heap before
{Heap before GC invocations=62 (full 0):
 garbage-first heap   total 296960K, used 256360K [0x0000000080000000, 0x0000000100000000)
  region size 1024K, 45 young (46080K), 2 survivors (2048K)
 Metaspace       used 146376K, committed 147520K, reserved 1179648K
  class space    used 19868K, committed 20416K, reserved 1048576K
}
Event: 10251.584 GC heap after
{Heap after GC invocations=63 (full 0):
 garbage-first heap   total 296960K, used 212304K [0x0000000080000000, 0x0000000100000000)
  region size 1024K, 2 young (2048K), 2 survivors (2048K)
 Metaspace       used 146376K, committed 147520K, reserved 1179648K
  class space    used 19868K, committed 20416K, reserved 1048576K
}
Event: 10252.136 GC heap before
{Heap before GC invocations=63 (full 0):
 garbage-first heap   total 296960K, used 257360K [0x0000000080000000, 0x0000000100000000)
  region size 1024K, 46 young (47104K), 2 survivors (2048K)
 Metaspace       used 146539K, committed 147648K, reserved 1179648K
  class space    used 19878K, committed 20416K, reserved 1048576K
}
Event: 10252.144 GC heap after
{Heap after GC invocations=64 (full 0):
 garbage-first heap   total 296960K, used 216875K [0x0000000080000000, 0x0000000100000000)
  region size 1024K, 6 young (6144K), 6 survivors (6144K)
 Metaspace       used 146539K, committed 147648K, reserved 1179648K
  class space    used 19878K, committed 20416K, reserved 1048576K
}
Event: 10252.246 GC heap before
{Heap before GC invocations=64 (full 0):
 garbage-first heap   total 296960K, used 256811K [0x0000000080000000, 0x0000000100000000)
  region size 1024K, 45 young (46080K), 6 survivors (6144K)
 Metaspace       used 146549K, committed 147648K, reserved 1179648K
  class space    used 19878K, committed 20416K, reserved 1048576K
}
Event: 10252.263 GC heap after
{Heap after GC invocations=65 (full 0):
 garbage-first heap   total 296960K, used 219145K [0x0000000080000000, 0x0000000100000000)
  region size 1024K, 3 young (3072K), 3 survivors (3072K)
 Metaspace       used 146549K, committed 147648K, reserved 1179648K
  class space    used 19878K, committed 20416K, reserved 1048576K
}
Event: 10252.412 GC heap before
{Heap before GC invocations=65 (full 0):
 garbage-first heap   total 296960K, used 258057K [0x0000000080000000, 0x0000000100000000)
  region size 1024K, 41 young (41984K), 3 survivors (3072K)
 Metaspace       used 146592K, committed 147712K, reserved 1179648K
  class space    used 19884K, committed 20416K, reserved 1048576K
}
Event: 10252.417 GC heap after
{Heap after GC invocations=66 (full 0):
 garbage-first heap   total 296960K, used 220993K [0x0000000080000000, 0x0000000100000000)
  region size 1024K, 5 young (5120K), 5 survivors (5120K)
 Metaspace       used 146592K, committed 147712K, reserved 1179648K
  class space    used 19884K, committed 20416K, reserved 1048576K
}
Event: 10253.043 GC heap before
{Heap before GC invocations=66 (full 0):
 garbage-first heap   total 296960K, used 258881K [0x0000000080000000, 0x0000000100000000)
  region size 1024K, 41 young (41984K), 5 survivors (5120K)
 Metaspace       used 148959K, committed 150080K, reserved 1179648K
  class space    used 20188K, committed 20736K, reserved 1048576K
}
Event: 10253.062 GC heap after
{Heap after GC invocations=67 (full 0):
 garbage-first heap   total 296960K, used 237147K [0x0000000080000000, 0x0000000100000000)
  region size 1024K, 6 young (6144K), 6 survivors (6144K)
 Metaspace       used 148959K, committed 150080K, reserved 1179648K
  class space    used 20188K, committed 20736K, reserved 1048576K
}
Event: 10253.330 GC heap before
{Heap before GC invocations=67 (full 0):
 garbage-first heap   total 296960K, used 250459K [0x0000000080000000, 0x0000000100000000)
  region size 1024K, 20 young (20480K), 6 survivors (6144K)
 Metaspace       used 149399K, committed 150592K, reserved 1179648K
  class space    used 20236K, committed 20800K, reserved 1048576K
}
Event: 10253.339 GC heap after
{Heap after GC invocations=68 (full 0):
 garbage-first heap   total 296960K, used 239297K [0x0000000080000000, 0x0000000100000000)
  region size 1024K, 1 young (1024K), 1 survivors (1024K)
 Metaspace       used 149399K, committed 150592K, reserved 1179648K
  class space    used 20236K, committed 20800K, reserved 1048576K
}

