# JRE version: OpenJDK Runtime Environment (17.0.6) (build 17.0.6+0-b2043.56-10027231)
# Java VM: OpenJDK 64-Bit Server VM (17.0.6+0-b2043.56-10027231, mixed mode, tiered, compressed oops, compressed class ptrs, g1 gc, windows-amd64)
GC Precious Log:
 CPUs: 16 total, 16 available
 Memory: 16316M
 Large Page Support: Disabled
 NUMA Support: Disabled
 Compressed Oops: Enabled (32-bit)
 Heap Region Size: 1M
 Heap Min Capacity: 8M
 Heap Initial Capacity: 256M
 Heap Max Capacity: 2G
 Pre-touch: Disabled
 Parallel Workers: 13
 Concurrent Workers: 3
 Concurrent Refinement Workers: 13
 Periodic GC: Disabled
Heap:
 garbage-first heap   total 256000K, used 177719K [0x0000000080000000, 0x0000000100000000)
  region size 1024K, 99 young (101376K), 12 survivors (12288K)
 Metaspace       used 102895K, committed 103616K, reserved 1138688K
  class space    used 13833K, committed 14144K, reserved 1048576K
GC Heap History (20 events):
Event: 7.458 GC heap before
{Heap before GC invocations=26 (full 0):
 garbage-first heap   total 128000K, used 95319K [0x0000000080000000, 0x0000000100000000)
  region size 1024K, 44 young (45056K), 4 survivors (4096K)
 Metaspace       used 76229K, committed 76864K, reserved 1122304K
  class space    used 10168K, committed 10496K, reserved 1048576K
}
Event: 7.461 GC heap after
{Heap after GC invocations=27 (full 0):
 garbage-first heap   total 128000K, used 56438K [0x0000000080000000, 0x0000000100000000)
  region size 1024K, 4 young (4096K), 4 survivors (4096K)
 Metaspace       used 76229K, committed 76864K, reserved 1122304K
  class space    used 10168K, committed 10496K, reserved 1048576K
}
Event: 8.063 GC heap before
{Heap before GC invocations=27 (full 0):
 garbage-first heap   total 128000K, used 98422K [0x0000000080000000, 0x0000000100000000)
  region size 1024K, 45 young (46080K), 4 survivors (4096K)
 Metaspace       used 81208K, committed 81856K, reserved 1122304K
  class space    used 10983K, committed 11328K, reserved 1048576K
}
Event: 8.067 GC heap after
{Heap after GC invocations=28 (full 0):
 garbage-first heap   total 128000K, used 59673K [0x0000000080000000, 0x0000000100000000)
  region size 1024K, 6 young (6144K), 6 survivors (6144K)
 Metaspace       used 81208K, committed 81856K, reserved 1122304K
  class space    used 10983K, committed 11328K, reserved 1048576K
}
Event: 8.541 GC heap before
{Heap before GC invocations=28 (full 0):
 garbage-first heap   total 128000K, used 99609K [0x0000000080000000, 0x0000000100000000)
  region size 1024K, 45 young (46080K), 6 survivors (6144K)
 Metaspace       used 85777K, committed 86336K, reserved 1130496K
  class space    used 11677K, committed 11968K, reserved 1048576K
}
Event: 8.545 GC heap after
{Heap after GC invocations=29 (full 0):
 garbage-first heap   total 128000K, used 62485K [0x0000000080000000, 0x0000000100000000)
  region size 1024K, 6 young (6144K), 6 survivors (6144K)
 Metaspace       used 85777K, committed 86336K, reserved 1130496K
  class space    used 11677K, committed 11968K, reserved 1048576K
}
Event: 8.945 GC heap before
{Heap before GC invocations=29 (full 0):
 garbage-first heap   total 128000K, used 101397K [0x0000000080000000, 0x0000000100000000)
  region size 1024K, 44 young (45056K), 6 survivors (6144K)
 Metaspace       used 88622K, committed 89280K, reserved 1130496K
  class space    used 12027K, committed 12352K, reserved 1048576K
}
Event: 8.951 GC heap after
{Heap after GC invocations=30 (full 0):
 garbage-first heap   total 128000K, used 66306K [0x0000000080000000, 0x0000000100000000)
  region size 1024K, 6 young (6144K), 6 survivors (6144K)
 Metaspace       used 88622K, committed 89280K, reserved 1130496K
  class space    used 12027K, committed 12352K, reserved 1048576K
}
Event: 9.226 GC heap before
{Heap before GC invocations=30 (full 0):
 garbage-first heap   total 128000K, used 103170K [0x0000000080000000, 0x0000000100000000)
  region size 1024K, 42 young (43008K), 6 survivors (6144K)
 Metaspace       used 89083K, committed 89792K, reserved 1130496K
  class space    used 12109K, committed 12480K, reserved 1048576K
}
Event: 9.232 GC heap after
{Heap after GC invocations=31 (full 0):
 garbage-first heap   total 128000K, used 72650K [0x0000000080000000, 0x0000000100000000)
  region size 1024K, 6 young (6144K), 6 survivors (6144K)
 Metaspace       used 89083K, committed 89792K, reserved 1130496K
  class space    used 12109K, committed 12480K, reserved 1048576K
}
Event: 9.685 GC heap before
{Heap before GC invocations=32 (full 0):
 garbage-first heap   total 128000K, used 102346K [0x0000000080000000, 0x0000000100000000)
  region size 1024K, 36 young (36864K), 6 survivors (6144K)
 Metaspace       used 91130K, committed 91840K, reserved 1130496K
  class space    used 12538K, committed 12864K, reserved 1048576K
}
Event: 9.691 GC heap after
{Heap after GC invocations=33 (full 0):
 garbage-first heap   total 128000K, used 76330K [0x0000000080000000, 0x0000000100000000)
  region size 1024K, 4 young (4096K), 4 survivors (4096K)
 Metaspace       used 91130K, committed 91840K, reserved 1130496K
  class space    used 12538K, committed 12864K, reserved 1048576K
}
Event: 9.696 GC heap before
{Heap before GC invocations=33 (full 0):
 garbage-first heap   total 128000K, used 78378K [0x0000000080000000, 0x0000000100000000)
  region size 1024K, 6 young (6144K), 4 survivors (4096K)
 Metaspace       used 91132K, committed 91840K, reserved 1130496K
  class space    used 12538K, committed 12864K, reserved 1048576K
}
Event: 9.699 GC heap after
{Heap after GC invocations=34 (full 0):
 garbage-first heap   total 128000K, used 76565K [0x0000000080000000, 0x0000000100000000)
  region size 1024K, 1 young (1024K), 1 survivors (1024K)
 Metaspace       used 91132K, committed 91840K, reserved 1130496K
  class space    used 12538K, committed 12864K, reserved 1048576K
}
Event: 9.786 GC heap before
{Heap before GC invocations=34 (full 0):
 garbage-first heap   total 128000K, used 103189K [0x0000000080000000, 0x0000000100000000)
  region size 1024K, 28 young (28672K), 1 survivors (1024K)
 Metaspace       used 91333K, committed 92032K, reserved 1130496K
  class space    used 12552K, committed 12928K, reserved 1048576K
}
Event: 9.789 GC heap after
{Heap after GC invocations=35 (full 0):
 garbage-first heap   total 128000K, used 77602K [0x0000000080000000, 0x0000000100000000)
  region size 1024K, 2 young (2048K), 2 survivors (2048K)
 Metaspace       used 91333K, committed 92032K, reserved 1130496K
  class space    used 12552K, committed 12928K, reserved 1048576K
}
Event: 9.976 GC heap before
{Heap before GC invocations=35 (full 0):
 garbage-first heap   total 128000K, used 104226K [0x0000000080000000, 0x0000000100000000)
  region size 1024K, 29 young (29696K), 2 survivors (2048K)
 Metaspace       used 91540K, committed 92288K, reserved 1130496K
  class space    used 12561K, committed 12928K, reserved 1048576K
}
Event: 9.980 GC heap after
{Heap after GC invocations=36 (full 0):
 garbage-first heap   total 256000K, used 79585K [0x0000000080000000, 0x0000000100000000)
  region size 1024K, 4 young (4096K), 4 survivors (4096K)
 Metaspace       used 91540K, committed 92288K, reserved 1130496K
  class space    used 12561K, committed 12928K, reserved 1048576K
}
Event: 11.156 GC heap before
{Heap before GC invocations=36 (full 0):
 garbage-first heap   total 256000K, used 198369K [0x0000000080000000, 0x0000000100000000)
  region size 1024K, 120 young (122880K), 4 survivors (4096K)
 Metaspace       used 97988K, committed 98688K, reserved 1138688K
  class space    used 13367K, committed 13696K, reserved 1048576K
}
Event: 11.163 GC heap after
{Heap after GC invocations=37 (full 0):
 garbage-first heap   total 256000K, used 87607K [0x0000000080000000, 0x0000000100000000)
  region size 1024K, 12 young (12288K), 12 survivors (12288K)
 Metaspace       used 97988K, committed 98688K, reserved 1138688K
  class space    used 13367K, committed 13696K, reserved 1048576K
}

